<?xml version="1.0" encoding="UTF-8"?>
<!-- Generated by org.testng.reporters.JUnitReportReporter -->
<testsuite hostname="SUREPALLI" failures="0" tests="1" name="Restfull_Booker.BookingDataCollector" time="12.640" errors="0" timestamp="2025-07-27T01:32:38 IST" skipped="0">
  <testcase classname="Restfull_Booker.BookingDataCollector" name="collectBookingDataParallel" time="12.640"/>
</testsuite> <!-- Restfull_Booker.BookingDataCollector -->
