<?xml version="1.0" encoding="UTF-8"?>
<!-- Generated by org.testng.reporters.JUnitReportReporter -->
<testsuite hostname="SUREPALLI" failures="0" tests="5" name="Restfull_Booker.E2E" time="13.078" errors="0" timestamp="2025-07-27T01:32:38 IST" skipped="0">
  <testcase classname="Restfull_Booker.E2E" name="checkAPIHealth" time="2.208"/>
  <testcase classname="Restfull_Booker.E2E" name="createBookingTest" time="3.695"/>
  <testcase classname="Restfull_Booker.E2E" name="updateBookingTest" time="3.110"/>
  <testcase classname="Restfull_Booker.E2E" name="partialUpdateBookingTest" time="2.044"/>
  <testcase classname="Restfull_Booker.E2E" name="deleteBookingTest" time="2.021"/>
</testsuite> <!-- Restfull_Booker.E2E -->
