<?xml version="1.0" encoding="UTF-8"?>
<!-- Generated by org.testng.reporters.JUnitReportReporter -->
<testsuite hostname="SUREPALLI" failures="0" tests="1" name="Restfull_Booker.BookingDataCollector" time="245.370" errors="0" timestamp="2025-07-27T01:50:47 IST" skipped="0">
  <testcase classname="Restfull_Booker.BookingDataCollector" name="collectBookingDataParallel" time="245.370"/>
</testsuite> <!-- Restfull_Booker.BookingDataCollector -->
